This is pdfTeX, Version 3.14159265-2.6-1.40.16 (TeX Live 2015/Debian) (preloaded format=pdflatex 2016.4.25)  5 OCT 2016 11:12
entering extended mode
 restricted \write18 enabled.
 %&-line parsing enabled.
**/home/sam/Documents/phd/projects/bend-it-like-benford/tex/bilb.tex
(/home/sam/Documents/phd/projects/bend-it-like-benford/tex/bilb.tex
LaTeX2e <2016/02/01>
Babel <3.9q> and hyphenation patterns for 81 language(s) loaded.
(/usr/share/texlive/texmf-dist/tex/latex/base/article.cls
Document Class: article 2014/09/29 v1.4h Standard LaTeX document class
(/usr/share/texlive/texmf-dist/tex/latex/base/leqno.clo
File: leqno.clo 2015/03/31 v1.1i Standard LaTeX option (left equation numbers)
)
(/usr/share/texlive/texmf-dist/tex/latex/base/size10.clo
File: size10.clo 2014/09/29 v1.4h Standard LaTeX file (size option)
)
\c@part=\count79
\c@section=\count80
\c@subsection=\count81
\c@subsubsection=\count82
\c@paragraph=\count83
\c@subparagraph=\count84
\c@figure=\count85
\c@table=\count86
\abovecaptionskip=\skip41
\belowcaptionskip=\skip42
\bibindent=\dimen102
)
(/usr/share/texlive/texmf-dist/tex/latex/graphics/graphicx.sty
Package: graphicx 2014/10/28 v1.0g Enhanced LaTeX Graphics (DPC,SPQR)

(/usr/share/texlive/texmf-dist/tex/latex/graphics/keyval.sty
Package: keyval 2014/10/28 v1.15 key=value parser (DPC)
\KV@toks@=\toks14
)
(/usr/share/texlive/texmf-dist/tex/latex/graphics/graphics.sty
Package: graphics 2016/01/03 v1.0q Standard LaTeX Graphics (DPC,SPQR)

(/usr/share/texlive/texmf-dist/tex/latex/graphics/trig.sty
Package: trig 2016/01/03 v1.10 sin cos tan (DPC)
)
(/usr/share/texlive/texmf-dist/tex/latex/latexconfig/graphics.cfg
File: graphics.cfg 2010/04/23 v1.9 graphics configuration of TeX Live
)
Package graphics Info: Driver file: pdftex.def on input line 95.

(/usr/share/texlive/texmf-dist/tex/latex/pdftex-def/pdftex.def
File: pdftex.def 2011/05/27 v0.06d Graphics/color for pdfTeX

(/usr/share/texlive/texmf-dist/tex/generic/oberdiek/infwarerr.sty
Package: infwarerr 2010/04/08 v1.3 Providing info/warning/error messages (HO)
)
(/usr/share/texlive/texmf-dist/tex/generic/oberdiek/ltxcmds.sty
Package: ltxcmds 2011/11/09 v1.22 LaTeX kernel commands for general use (HO)
)
\Gread@gobject=\count87
))
\Gin@req@height=\dimen103
\Gin@req@width=\dimen104
)
(/usr/share/texlive/texmf-dist/tex/latex/graphics/color.sty
Package: color 2016/01/03 v1.1b Standard LaTeX Color (DPC)

(/usr/share/texlive/texmf-dist/tex/latex/latexconfig/color.cfg
File: color.cfg 2007/01/18 v1.5 color configuration of teTeX/TeXLive
)
Package color Info: Driver file: pdftex.def on input line 143.
)
(/usr/share/texlive/texmf-dist/tex/latex/framed/framed.sty
Package: framed 2011/10/22 v 0.96: framed or shaded text with page breaks
\OuterFrameSep=\skip43
\fb@frw=\dimen105
\fb@frh=\dimen106
\FrameRule=\dimen107
\FrameSep=\dimen108
)
(/usr/share/texlive/texmf-dist/tex/latex/base/alltt.sty
Package: alltt 1997/06/16 v2.0g defines alltt environment
) (./ltexpprt.sty
*** ACM/SIAM LaTeX2E Preprint Series macro package, version 1.0, September 5, 1
996 ***
\outerparskip=\skip44
\c@@theorem=\count88
\c@@algorithm=\count89
\c@lemma=\count90
\c@fact=\count91
\c@corollary=\count92
\c@axiom=\count93
\c@cond=\count94
\c@property=\count95
\c@proposition=\count96
\c@Conjecture=\count97
\c@Definition=\count98
\c@Lemma=\count99
\c@Remark=\count100
) (/usr/share/texlive/texmf-dist/tex/latex/amsfonts/amsfonts.sty
Package: amsfonts 2013/01/14 v3.01 Basic AMSFonts support
\@emptytoks=\toks15
\symAMSa=\mathgroup4
\symAMSb=\mathgroup5
LaTeX Font Info:    Overwriting math alphabet `\mathfrak' in version `bold'
(Font)                  U/euf/m/n --> U/euf/b/n on input line 106.
)
(/usr/share/texlive/texmf-dist/tex/latex/upquote/upquote.sty
Package: upquote 2012/04/19 v1.3 upright-quote and grave-accent glyphs in verba
tim
) (./bilb.aux)
\openout1 = `bilb.aux'.

LaTeX Font Info:    Checking defaults for OML/cmm/m/it on input line 68.
LaTeX Font Info:    ... okay on input line 68.
LaTeX Font Info:    Checking defaults for T1/cmr/m/n on input line 68.
LaTeX Font Info:    ... okay on input line 68.
LaTeX Font Info:    Checking defaults for OT1/cmr/m/n on input line 68.
LaTeX Font Info:    ... okay on input line 68.
LaTeX Font Info:    Checking defaults for OMS/cmsy/m/n on input line 68.
LaTeX Font Info:    ... okay on input line 68.
LaTeX Font Info:    Checking defaults for OMX/cmex/m/n on input line 68.
LaTeX Font Info:    ... okay on input line 68.
LaTeX Font Info:    Checking defaults for U/cmr/m/n on input line 68.
LaTeX Font Info:    ... okay on input line 68.

(/usr/share/texlive/texmf-dist/tex/context/base/supp-pdf.mkii
[Loading MPS to PDF converter (version 2006.09.02).]
\scratchcounter=\count101
\scratchdimen=\dimen109
\scratchbox=\box26
\nofMPsegments=\count102
\nofMParguments=\count103
\everyMPshowfont=\toks16
\MPscratchCnt=\count104
\MPscratchDim=\dimen110
\MPnumerator=\count105
\makeMPintoPDFobject=\count106
\everyMPtoPDFconversion=\toks17
) (/usr/share/texlive/texmf-dist/tex/generic/oberdiek/pdftexcmds.sty
Package: pdftexcmds 2011/11/29 v0.20 Utility functions of pdfTeX for LuaTeX (HO
)

(/usr/share/texlive/texmf-dist/tex/generic/oberdiek/ifluatex.sty
Package: ifluatex 2010/03/01 v1.3 Provides the ifluatex switch (HO)
Package ifluatex Info: LuaTeX not detected.
)
(/usr/share/texlive/texmf-dist/tex/generic/oberdiek/ifpdf.sty
Package: ifpdf 2011/01/30 v2.3 Provides the ifpdf switch (HO)
Package ifpdf Info: pdfTeX in PDF mode is detected.
)
Package pdftexcmds Info: LuaTeX not detected.
Package pdftexcmds Info: \pdf@primitive is available.
Package pdftexcmds Info: \pdf@ifprimitive is available.
Package pdftexcmds Info: \pdfdraftmode found.
)
(/usr/share/texlive/texmf-dist/tex/latex/oberdiek/epstopdf-base.sty
Package: epstopdf-base 2010/02/09 v2.5 Base part for package epstopdf

(/usr/share/texlive/texmf-dist/tex/latex/oberdiek/grfext.sty
Package: grfext 2010/08/19 v1.1 Manage graphics extensions (HO)

(/usr/share/texlive/texmf-dist/tex/generic/oberdiek/kvdefinekeys.sty
Package: kvdefinekeys 2011/04/07 v1.3 Define keys (HO)
))
(/usr/share/texlive/texmf-dist/tex/latex/oberdiek/kvoptions.sty
Package: kvoptions 2011/06/30 v3.11 Key value format for package options (HO)

(/usr/share/texlive/texmf-dist/tex/generic/oberdiek/kvsetkeys.sty
Package: kvsetkeys 2012/04/25 v1.16 Key value parser (HO)

(/usr/share/texlive/texmf-dist/tex/generic/oberdiek/etexcmds.sty
Package: etexcmds 2011/02/16 v1.5 Avoid name clashes with e-TeX commands (HO)
Package etexcmds Info: Could not find \expanded.
(etexcmds)             That can mean that you are not using pdfTeX 1.50 or
(etexcmds)             that some package has redefined \expanded.
(etexcmds)             In the latter case, load this package earlier.
)))
Package grfext Info: Graphics extension search list:
(grfext)             [.png,.pdf,.jpg,.mps,.jpeg,.jbig2,.jb2,.PNG,.PDF,.JPG,.JPE
G,.JBIG2,.JB2,.eps]
(grfext)             \AppendGraphicsExtensions on input line 452.

(/usr/share/texlive/texmf-dist/tex/latex/latexconfig/epstopdf-sys.cfg
File: epstopdf-sys.cfg 2010/07/13 v1.3 Configuration of (r)epstopdf for TeX Liv
e
))
LaTeX Font Info:    Try loading font information for U+msa on input line 82.

(/usr/share/texlive/texmf-dist/tex/latex/amsfonts/umsa.fd
File: umsa.fd 2013/01/14 v3.01 AMS symbols A
)
LaTeX Font Info:    Try loading font information for U+msb on input line 82.

(/usr/share/texlive/texmf-dist/tex/latex/amsfonts/umsb.fd
File: umsb.fd 2013/01/14 v3.01 AMS symbols B
)
LaTeX Font Info:    Try loading font information for OMS+cmr on input line 82.

(/usr/share/texlive/texmf-dist/tex/latex/base/omscmr.fd
File: omscmr.fd 2014/09/29 v2.5h Standard LaTeX font definitions
)
LaTeX Font Info:    Font shape `OMS/cmr/m/n' in size <8> not available
(Font)              Font shape `OMS/cmsy/m/n' tried instead on input line 82.
LaTeX Font Info:    Font shape `OMS/cmr/m/n' in size <6> not available
(Font)              Font shape `OMS/cmsy/m/n' tried instead on input line 82.
Package color Info: Redefining color shadecolor on input line 104.

<figure/twitter-count-distributions-1.pdf, id=1, 433.62pt x 361.35pt>
File: figure/twitter-count-distributions-1.pdf Graphic file (type pdf)

<use figure/twitter-count-distributions-1.pdf>
Package pdftex.def Info: figure/twitter-count-distributions-1.pdf used on input
 line 105.
(pdftex.def)             Requested size: 241.0pt x 200.83282pt.

Underfull \vbox (badness 10000) has occurred while \output is active []

 [1{/var/lib/texmf/fonts/map/pdftex/updmap/pdftex.map}


 <./figure/twitter-count-distributions-1.pdf>]
Underfull \hbox (badness 10000) in paragraph at lines 120--121

 []


LaTeX Font Warning: Font shape `OT1/cmr/bx/sc' undefined
(Font)              using `OT1/cmr/bx/n' instead on input line 128.


Underfull \vbox (badness 10000) has occurred while \output is active []

Package color Info: Redefining color shadecolor on input line 152.

<figure/log-powers-of-two-1.pdf, id=24, 722.7pt x 216.81pt>
File: figure/log-powers-of-two-1.pdf Graphic file (type pdf)

<use figure/log-powers-of-two-1.pdf>
Package pdftex.def Info: figure/log-powers-of-two-1.pdf used on input line 153.

(pdftex.def)             Requested size: 241.0pt x 72.2985pt.
 [2 <./figure/log-powers-of-two-1.pdf>]
Package color Info: Redefining color shadecolor on input line 176.

<figure/github-data-digit-distributions-1.pdf, id=42, 722.7pt x 867.24pt>
File: figure/github-data-digit-distributions-1.pdf Graphic file (type pdf)

<use figure/github-data-digit-distributions-1.pdf>
Package pdftex.def Info: figure/github-data-digit-distributions-1.pdf used on i
nput line 177.
(pdftex.def)             Requested size: 241.0pt x 289.19398pt.


LaTeX Warning: `h' float specifier changed to `ht'.


Overfull \vbox (2.41446pt too high) has occurred while \output is active []

Package color Info: Redefining color shadecolor on input line 211.

<figure/wikipedia-data-digits-histogram-1.pdf, id=43, 722.7pt x 361.35pt>
File: figure/wikipedia-data-digits-histogram-1.pdf Graphic file (type pdf)

<use figure/wikipedia-data-digits-histogram-1.pdf>
Package pdftex.def Info: figure/wikipedia-data-digits-histogram-1.pdf used on i
nput line 212.
(pdftex.def)             Requested size: 241.0pt x 120.49748pt.


LaTeX Warning: `!h' float specifier changed to `!ht'.

[3 <./figure/github-data-digit-distributions-1.pdf>] [4 <./figure/wikipedia-dat
a-digits-histogram-1.pdf>]
Package color Info: Redefining color shadecolor on input line 286.

<figure/conformity-test-twitter-example-1.pdf, id=71, 722.7pt x 361.35pt>
File: figure/conformity-test-twitter-example-1.pdf Graphic file (type pdf)

<use figure/conformity-test-twitter-example-1.pdf>
Package pdftex.def Info: figure/conformity-test-twitter-example-1.pdf used on i
nput line 287.
(pdftex.def)             Requested size: 241.0pt x 120.49748pt.

Overfull \hbox (2.22221pt too wide) in paragraph at lines 284--288
 [][] 
 []


Underfull \vbox (badness 10000) has occurred while \output is active []


Underfull \hbox (badness 4954) in paragraph at lines 307--308
 \OT1/cmr/bx/n/10 6.1 Per-for-mance[] \OT1/cmr/m/n/10 As-sum-ing a fixed sig-ni
f-i-cance
 []

Package color Info: Redefining color shadecolor on input line 318.

<figure/case-study-hashtag-hijacking-twitter-1.pdf, id=72, 722.7pt x 1445.4pt>
File: figure/case-study-hashtag-hijacking-twitter-1.pdf Graphic file (type pdf)


<use figure/case-study-hashtag-hijacking-twitter-1.pdf>
Package pdftex.def Info: figure/case-study-hashtag-hijacking-twitter-1.pdf used
 on input line 319.
(pdftex.def)             Requested size: 241.0pt x 481.98996pt.

Underfull \vbox (badness 10000) has occurred while \output is active []

 [5 <./figure/conformity-test-twitter-example-1.pdf>]
Underfull \vbox (badness 6542) has occurred while \output is active []

 [6 <./figure/case-study-hashtag-hijacking-twitter-1.pdf>]
Package color Info: Redefining color shadecolor on input line 357.

<figure/case-study-pokemon-1.pdf, id=98, 722.7pt x 722.7pt>
File: figure/case-study-pokemon-1.pdf Graphic file (type pdf)

<use figure/case-study-pokemon-1.pdf>
Package pdftex.def Info: figure/case-study-pokemon-1.pdf used on input line 358
.
(pdftex.def)             Requested size: 241.0pt x 240.99498pt.

Underfull \hbox (badness 1043) in paragraph at lines 385--386
\OT1/cmr/m/n/8 [poke-mon-gonews, ar-gentina, com-mu-nity], [poke-coins, try,
 []


LaTeX Warning: `!h' float specifier changed to `!ht'.

<graphics/TwitterPostsPokemon.png, id=99, 583.17876pt x 315.1775pt>
File: graphics/TwitterPostsPokemon.png Graphic file (type png)

<use graphics/TwitterPostsPokemon.png>
Package pdftex.def Info: graphics/TwitterPostsPokemon.png used on input line 39
4.
(pdftex.def)             Requested size: 192.80074pt x 104.19644pt.


LaTeX Warning: `!h' float specifier changed to `!ht'.


Underfull \vbox (badness 1019) has occurred while \output is active []

 [7 <./figure/case-study-pokemon-1.pdf> <./graphics/TwitterPostsPokemon.png>]
Package color Info: Redefining color shadecolor on input line 424.

<figure/synthetic-experiments-1.pdf, id=116, 722.7pt x 1084.05pt>
File: figure/synthetic-experiments-1.pdf Graphic file (type pdf)

<use figure/synthetic-experiments-1.pdf>
Package pdftex.def Info: figure/synthetic-experiments-1.pdf used on input line 
425.
(pdftex.def)             Requested size: 241.0pt x 361.49248pt.


LaTeX Warning: `!h' float specifier changed to `!ht'.


Underfull \hbox (badness 1097) in paragraph at lines 444--445
\OT1/cmr/m/n/10 of-the-art in \OT1/cmr/m/it/10 nu-mer-i-cal \OT1/cmr/m/n/10 ano
maly- and changepoint-
 []


Underfull \hbox (badness 3000) in paragraph at lines 446--447
[]\OT1/cmr/m/n/10 The most re-cent high-level con-tri-bu-tion from
 []


Underfull \vbox (badness 7832) has occurred while \output is active []

 [8 <./figure/synthetic-experiments-1.pdf>]
Underfull \vbox (badness 10000) has occurred while \output is active []

Missing character: There is no â in font cmr9!
Missing character: There is no € in font cmr9!
Missing character: There is no ™ in font cmr9!
Missing character: There is no â in font cmr9!
Missing character: There is no € in font cmr9!
Missing character: There is no ™ in font cmr9!

Underfull \hbox (badness 10000) in paragraph at lines 512--513
[]\OT1/cmr/m/n/9 K. Hayashi, T. Mae-hara, M. Toy-oda and
 []


Underfull \hbox (badness 1502) in paragraph at lines 512--513
\OT1/cmr/m/n/9 K. Kawarabayashi, ``Real-time topic de-tec-tion on
 []

Missing character: There is no â in font cmr9!
Missing character: There is no € in font cmr9!
Missing character: There is no ˜ in font cmr9!
Missing character: There is no â in font cmr9!
Missing character: There is no € in font cmr9!
Missing character: There is no ™ in font cmr9!

Underfull \hbox (badness 10000) in paragraph at lines 540--541
[]\OT1/cmr/m/n/9 G. Rigaill, ``Pruned Dy-namic Pro-gram-ming
 []


Underfull \hbox (badness 10000) in paragraph at lines 540--541
\OT1/cmr/m/n/9 for Op-ti-mal Mul-ti-ple Change-Point De-tec-tion'',
 []

[9]
Underfull \hbox (badness 1067) in paragraph at lines 552--553
\OT1/cmr/m/n/9 tech-nique for long-term anomaly de-tec-tion in the
 []

[10

] (./bilb.aux)

LaTeX Font Warning: Some font shapes were not available, defaults substituted.

 ) 
Here is how much of TeX's memory you used:
 1994 strings out of 493029
 29416 string characters out of 6136234
 96263 words of memory out of 5000000
 5476 multiletter control sequences out of 15000+600000
 14381 words of font info for 54 fonts, out of 8000000 for 9000
 1141 hyphenation exceptions out of 8191
 38i,13n,24p,1530b,348s stack positions out of 5000i,500n,10000p,200000b,80000s
</usr/share/texlive/texmf-dist/fonts/type1/public/amsfonts/cm/cmbx10.pfb></us
r/share/texlive/texmf-dist/fonts/type1/public/amsfonts/cm/cmbx5.pfb></usr/share
/texlive/texmf-dist/fonts/type1/public/amsfonts/cm/cmbx8.pfb></usr/share/texliv
e/texmf-dist/fonts/type1/public/amsfonts/cm/cmbxti10.pfb></usr/share/texlive/te
xmf-dist/fonts/type1/public/amsfonts/cm/cmcsc10.pfb></usr/share/texlive/texmf-d
ist/fonts/type1/public/amsfonts/cm/cmmi10.pfb></usr/share/texlive/texmf-dist/fo
nts/type1/public/amsfonts/cm/cmmi5.pfb></usr/share/texlive/texmf-dist/fonts/typ
e1/public/amsfonts/cm/cmmi7.pfb></usr/share/texlive/texmf-dist/fonts/type1/publ
ic/amsfonts/cm/cmr10.pfb></usr/share/texlive/texmf-dist/fonts/type1/public/amsf
onts/cm/cmr12.pfb></usr/share/texlive/texmf-dist/fonts/type1/public/amsfonts/cm
/cmr17.pfb></usr/share/texlive/texmf-dist/fonts/type1/public/amsfonts/cm/cmr5.p
fb></usr/share/texlive/texmf-dist/fonts/type1/public/amsfonts/cm/cmr6.pfb></usr
/share/texlive/texmf-dist/fonts/type1/public/amsfonts/cm/cmr7.pfb></usr/share/t
exlive/texmf-dist/fonts/type1/public/amsfonts/cm/cmr8.pfb></usr/share/texlive/t
exmf-dist/fonts/type1/public/amsfonts/cm/cmr9.pfb></usr/share/texlive/texmf-dis
t/fonts/type1/public/amsfonts/cm/cmsl8.pfb></usr/share/texlive/texmf-dist/fonts
/type1/public/amsfonts/cm/cmsy10.pfb></usr/share/texlive/texmf-dist/fonts/type1
/public/amsfonts/cm/cmsy5.pfb></usr/share/texlive/texmf-dist/fonts/type1/public
/amsfonts/cm/cmsy6.pfb></usr/share/texlive/texmf-dist/fonts/type1/public/amsfon
ts/cm/cmsy7.pfb></usr/share/texlive/texmf-dist/fonts/type1/public/amsfonts/cm/c
msy8.pfb></usr/share/texlive/texmf-dist/fonts/type1/public/amsfonts/cm/cmti10.p
fb></usr/share/texlive/texmf-dist/fonts/type1/public/amsfonts/cm/cmti7.pfb></us
r/share/texlive/texmf-dist/fonts/type1/public/amsfonts/cm/cmti8.pfb></usr/share
/texlive/texmf-dist/fonts/type1/public/amsfonts/cm/cmti9.pfb></usr/share/texliv
e/texmf-dist/fonts/type1/public/amsfonts/cm/cmtt8.pfb></usr/share/texlive/texmf
-dist/fonts/type1/public/amsfonts/symbols/msbm10.pfb>
Output written on bilb.pdf (10 pages, 855576 bytes).
PDF statistics:
 223 PDF objects out of 1000 (max. 8388607)
 163 compressed objects within 2 object streams
 0 named destinations out of 1000 (max. 500000)
 46 words of extra memory for PDF output out of 10000 (max. 10000000)

